[0.010s] Invoking command in '/home/preethiveemuthukumarasamy/dev_ws/build/my_package': CMAKE_PREFIX_PATH=/opt/ros/iron /usr/bin/cmake /home/preethiveemuthukumarasamy/dev_ws/src/my_package -DAMENT_CMAKE_SYMLINK_INSTALL=1 -DCMAKE_INSTALL_PREFIX=/home/preethiveemuthukumarasamy/dev_ws/install/my_package
[0.120s] -- The C compiler identification is GNU 11.3.0
[0.206s] -- The CXX compiler identification is GNU 11.3.0
[0.213s] -- Detecting C compiler ABI info
[0.264s] -- Detecting C compiler ABI info - done
[0.268s] -- Check for working C compiler: /usr/bin/cc - skipped
[0.268s] -- Detecting C compile features
[0.269s] -- Detecting C compile features - done
[0.271s] -- Detecting CXX compiler ABI info
[0.319s] -- Detecting CXX compiler ABI info - done
[0.323s] -- Check for working CXX compiler: /usr/bin/c++ - skipped
[0.323s] -- Detecting CXX compile features
[0.324s] -- Detecting CXX compile features - done
[0.328s] -- Found ament_cmake: 2.0.2 (/opt/ros/iron/share/ament_cmake/cmake)
[0.425s] -- Found Python3: /usr/bin/python3.10 (found version "3.10.6") found components: Interpreter 
[0.467s] -- Override CMake install command with custom implementation using symlinks instead of copying resources
[0.488s] -- Found ament_lint_auto: 0.14.1 (/opt/ros/iron/share/ament_lint_auto/cmake)
[0.545s] -- Added test 'lint_cmake' to check CMake code style
[0.546s] -- Added test 'xmllint' to check XML markup files
[0.547s] -- Configuring done
[0.549s] -- Generating done
[0.550s] -- Build files have been written to: /home/preethiveemuthukumarasamy/dev_ws/build/my_package
[0.553s] Invoked command in '/home/preethiveemuthukumarasamy/dev_ws/build/my_package' returned '0': CMAKE_PREFIX_PATH=/opt/ros/iron /usr/bin/cmake /home/preethiveemuthukumarasamy/dev_ws/src/my_package -DAMENT_CMAKE_SYMLINK_INSTALL=1 -DCMAKE_INSTALL_PREFIX=/home/preethiveemuthukumarasamy/dev_ws/install/my_package
[0.554s] Invoking command in '/home/preethiveemuthukumarasamy/dev_ws/build/my_package': CMAKE_PREFIX_PATH=/opt/ros/iron /usr/bin/cmake --build /home/preethiveemuthukumarasamy/dev_ws/build/my_package -- -j16 -l16
[0.573s] Invoked command in '/home/preethiveemuthukumarasamy/dev_ws/build/my_package' returned '0': CMAKE_PREFIX_PATH=/opt/ros/iron /usr/bin/cmake --build /home/preethiveemuthukumarasamy/dev_ws/build/my_package -- -j16 -l16
[0.589s] Invoking command in '/home/preethiveemuthukumarasamy/dev_ws/build/my_package': CMAKE_PREFIX_PATH=/opt/ros/iron /usr/bin/cmake --install /home/preethiveemuthukumarasamy/dev_ws/build/my_package
[0.592s] -- Install configuration: ""
[0.592s] -- Execute custom install script
[0.593s] [31mCMake Error at ament_cmake_symlink_install/ament_cmake_symlink_install.cmake:100 (message):
[0.593s]   ament_cmake_symlink_install_directory() can't find
[0.593s]   '/home/preethiveemuthukumarasamy/dev_ws/src/my_package/launch'
[0.593s] Call Stack (most recent call first):
[0.593s]   ament_cmake_symlink_install/ament_cmake_symlink_install.cmake:314 (ament_cmake_symlink_install_directory)
[0.593s]   cmake_install.cmake:46 (include)
[0.593s] 
[0.593s] [0m
[0.595s] Invoked command in '/home/preethiveemuthukumarasamy/dev_ws/build/my_package' returned '1': CMAKE_PREFIX_PATH=/opt/ros/iron /usr/bin/cmake --install /home/preethiveemuthukumarasamy/dev_ws/build/my_package
